# JRE version: OpenJDK Runtime Environment (15.0.2+10) (build 15.0.2+10)
# Java VM: OpenJDK 64-Bit Server VM (15.0.2+10, mixed mode, sharing, tiered, compressed oops, g1 gc, linux-amd64)
GC Precious Log:
 CPUs: 8 total, 8 available
 Memory: 15106M
 Large Page Support: Disabled
 NUMA Support: Disabled
 Compressed Oops: Enabled (Zero based)
 Heap Region Size: 2M
 Heap Min Capacity: 8M
 Heap Initial Capacity: 238M
 Heap Max Capacity: 3778M
 Pre-touch: Disabled
 Parallel Workers: 8
 Concurrent Workers: 2
 Concurrent Refinement Workers: 8
 Periodic GC: Disabled
Heap:
 garbage-first heap   total 161792K, used 110299K [0x0000000713e00000, 0x0000000800000000)
  region size 2048K, 13 young (26624K), 1 survivors (2048K)
 Metaspace       used 43902K, capacity 44230K, committed 45136K, reserved 1089536K
  class space    used 5639K, capacity 5768K, committed 5888K, reserved 1048576K
GC Heap History (20 events):
Event: 2,685 GC heap before
{Heap before GC invocations=3 (full 0):
 garbage-first heap   total 247808K, used 39466K [0x0000000713e00000, 0x0000000800000000)
  region size 2048K, 10 young (20480K), 2 survivors (4096K)
 Metaspace       used 20614K, capacity 20840K, committed 21296K, reserved 1069056K
  class space    used 2231K, capacity 2315K, committed 2432K, reserved 1048576K
}
Event: 2,689 GC heap after
{Heap after GC invocations=4 (full 0):
 garbage-first heap   total 247808K, used 27772K [0x0000000713e00000, 0x0000000800000000)
  region size 2048K, 2 young (4096K), 2 survivors (4096K)
 Metaspace       used 20614K, capacity 20840K, committed 21296K, reserved 1069056K
  class space    used 2231K, capacity 2315K, committed 2432K, reserved 1048576K
}
Event: 7,134 GC heap before
{Heap before GC invocations=5 (full 0):
 garbage-first heap   total 116736K, used 93308K [0x0000000713e00000, 0x0000000800000000)
  region size 2048K, 34 young (69632K), 2 survivors (4096K)
 Metaspace       used 30927K, capacity 31188K, committed 31920K, reserved 1077248K
  class space    used 3665K, capacity 3770K, committed 3840K, reserved 1048576K
}
Event: 7,147 GC heap after
{Heap after GC invocations=6 (full 0):
 garbage-first heap   total 116736K, used 40054K [0x0000000713e00000, 0x0000000800000000)
  region size 2048K, 5 young (10240K), 5 survivors (10240K)
 Metaspace       used 30927K, capacity 31188K, committed 31920K, reserved 1077248K
  class space    used 3665K, capacity 3770K, committed 3840K, reserved 1048576K
}
Event: 9,395 GC heap before
{Heap before GC invocations=6 (full 0):
 garbage-first heap   total 116736K, used 68726K [0x0000000713e00000, 0x0000000800000000)
  region size 2048K, 20 young (40960K), 5 survivors (10240K)
 Metaspace       used 34929K, capacity 35221K, committed 35920K, reserved 1081344K
  class space    used 4423K, capacity 4538K, committed 4608K, reserved 1048576K
}
Event: 9,410 GC heap after
{Heap after GC invocations=7 (full 0):
 garbage-first heap   total 141312K, used 46347K [0x0000000713e00000, 0x0000000800000000)
  region size 2048K, 3 young (6144K), 3 survivors (6144K)
 Metaspace       used 34929K, capacity 35221K, committed 35920K, reserved 1081344K
  class space    used 4423K, capacity 4538K, committed 4608K, reserved 1048576K
}
Event: 10,950 GC heap before
{Heap before GC invocations=8 (full 0):
 garbage-first heap   total 141312K, used 97547K [0x0000000713e00000, 0x0000000800000000)
  region size 2048K, 24 young (49152K), 3 survivors (6144K)
 Metaspace       used 39476K, capacity 39808K, committed 40656K, reserved 1085440K
  class space    used 5082K, capacity 5191K, committed 5248K, reserved 1048576K
}
Event: 10,959 GC heap after
{Heap after GC invocations=9 (full 0):
 garbage-first heap   total 141312K, used 68181K [0x0000000713e00000, 0x0000000800000000)
  region size 2048K, 3 young (6144K), 3 survivors (6144K)
 Metaspace       used 39476K, capacity 39808K, committed 40656K, reserved 1085440K
  class space    used 5082K, capacity 5191K, committed 5248K, reserved 1048576K
}
Event: 11,413 GC heap before
{Heap before GC invocations=10 (full 0):
 garbage-first heap   total 141312K, used 94805K [0x0000000713e00000, 0x0000000800000000)
  region size 2048K, 17 young (34816K), 3 survivors (6144K)
 Metaspace       used 40076K, capacity 40416K, committed 41040K, reserved 1085440K
  class space    used 5245K, capacity 5351K, committed 5376K, reserved 1048576K
}
Event: 11,421 GC heap after
{Heap after GC invocations=11 (full 0):
 garbage-first heap   total 141312K, used 75472K [0x0000000713e00000, 0x0000000800000000)
  region size 2048K, 3 young (6144K), 3 survivors (6144K)
 Metaspace       used 40076K, capacity 40416K, committed 41040K, reserved 1085440K
  class space    used 5245K, capacity 5351K, committed 5376K, reserved 1048576K
}
Event: 11,895 GC heap before
{Heap before GC invocations=11 (full 0):
 garbage-first heap   total 141312K, used 100048K [0x0000000713e00000, 0x0000000800000000)
  region size 2048K, 16 young (32768K), 3 survivors (6144K)
 Metaspace       used 40599K, capacity 40960K, committed 41808K, reserved 1085440K
  class space    used 5404K, capacity 5511K, committed 5632K, reserved 1048576K
}
Event: 11,904 GC heap after
{Heap after GC invocations=12 (full 0):
 garbage-first heap   total 141312K, used 83239K [0x0000000713e00000, 0x0000000800000000)
  region size 2048K, 2 young (4096K), 2 survivors (4096K)
 Metaspace       used 40599K, capacity 40960K, committed 41808K, reserved 1085440K
  class space    used 5404K, capacity 5511K, committed 5632K, reserved 1048576K
}
Event: 21,457 GC heap before
{Heap before GC invocations=13 (full 0):
 garbage-first heap   total 153600K, used 103719K [0x0000000713e00000, 0x0000000800000000)
  region size 2048K, 12 young (24576K), 2 survivors (4096K)
 Metaspace       used 42954K, capacity 43334K, committed 43984K, reserved 1087488K
  class space    used 5586K, capacity 5704K, committed 5760K, reserved 1048576K
}
Event: 21,471 GC heap after
{Heap after GC invocations=14 (full 0):
 garbage-first heap   total 153600K, used 87601K [0x0000000713e00000, 0x0000000800000000)
  region size 2048K, 2 young (4096K), 2 survivors (4096K)
 Metaspace       used 42954K, capacity 43334K, committed 43984K, reserved 1087488K
  class space    used 5586K, capacity 5704K, committed 5760K, reserved 1048576K
}
Event: 194,519 GC heap before
{Heap before GC invocations=14 (full 0):
 garbage-first heap   total 153600K, used 114225K [0x0000000713e00000, 0x0000000800000000)
  region size 2048K, 15 young (30720K), 2 survivors (4096K)
 Metaspace       used 43859K, capacity 44230K, committed 45136K, reserved 1089536K
  class space    used 5637K, capacity 5768K, committed 5888K, reserved 1048576K
}
Event: 194,528 GC heap after
{Heap after GC invocations=15 (full 0):
 garbage-first heap   total 153600K, used 88184K [0x0000000713e00000, 0x0000000800000000)
  region size 2048K, 1 young (2048K), 1 survivors (2048K)
 Metaspace       used 43859K, capacity 44230K, committed 45136K, reserved 1089536K
  class space    used 5637K, capacity 5768K, committed 5888K, reserved 1048576K
}
Event: 490,698 GC heap before
{Heap before GC invocations=16 (full 0):
 garbage-first heap   total 161792K, used 114808K [0x0000000713e00000, 0x0000000800000000)
  region size 2048K, 14 young (28672K), 1 survivors (2048K)
 Metaspace       used 43874K, capacity 44230K, committed 45136K, reserved 1089536K
  class space    used 5637K, capacity 5768K, committed 5888K, reserved 1048576K
}
Event: 490,703 GC heap after
{Heap after GC invocations=17 (full 0):
 garbage-first heap   total 161792K, used 87790K [0x0000000713e00000, 0x0000000800000000)
  region size 2048K, 1 young (2048K), 1 survivors (2048K)
 Metaspace       used 43874K, capacity 44230K, committed 45136K, reserved 1089536K
  class space    used 5637K, capacity 5768K, committed 5888K, reserved 1048576K
}
Event: 886,406 GC heap before
{Heap before GC invocations=17 (full 0):
 garbage-first heap   total 161792K, used 122606K [0x0000000713e00000, 0x0000000800000000)
  region size 2048K, 18 young (36864K), 1 survivors (2048K)
 Metaspace       used 43874K, capacity 44230K, committed 45136K, reserved 1089536K
  class space    used 5637K, capacity 5768K, committed 5888K, reserved 1048576K
}
Event: 886,409 GC heap after
{Heap after GC invocations=18 (full 0):
 garbage-first heap   total 161792K, used 87771K [0x0000000713e00000, 0x0000000800000000)
  region size 2048K, 1 young (2048K), 1 survivors (2048K)
 Metaspace       used 43874K, capacity 44230K, committed 45136K, reserved 1089536K
  class space    used 5637K, capacity 5768K, committed 5888K, reserved 1048576K
}

